2026-01-20 08:57:51,234 | ERROR | infos | Erro crítico ao executar /execute
Traceback (most recent call last):
  File "C:\Python313\Lib\site-packages\pandas\compat\_optional.py", line 135, in import_optional_dependency
    module = importlib.import_module(name)
  File "C:\Python313\Lib\importlib\__init__.py", line 88, in import_module
    return _bootstrap._gcd_import(name[level:], package, level)
           ~~~~~~~~~~~~~~~~~~~~~~^^^^^^^^^^^^^^^^^^^^^^^^^^^^^^
  File "<frozen importlib._bootstrap>", line 1387, in _gcd_import
  File "<frozen importlib._bootstrap>", line 1360, in _find_and_load
  File "<frozen importlib._bootstrap>", line 1324, in _find_and_load_unlocked
ModuleNotFoundError: No module named 'html5lib'

During handling of the above exception, another exception occurred:

Traceback (most recent call last):
  File "C:\Users\fernando.m\Projetos\Projeto-Lev\Backend\app\app.py", line 45, in execute
    resultado = bancos[nome_banco](arquivo)
  File "C:\Users\fernando.m\Projetos\Projeto-Lev\Backend\app\models\crefisa.py", line 7, in crefisa
    df = pd.read_html(df, header=0)[0]
         ~~~~~~~~~~~~^^^^^^^^^^^^^^
  File "C:\Python313\Lib\site-packages\pandas\io\html.py", line 1240, in read_html
    return _parse(
        flavor=flavor,
    ...<16 lines>...
        storage_options=storage_options,
    )
  File "C:\Python313\Lib\site-packages\pandas\io\html.py", line 971, in _parse
    parser = _parser_dispatch(flav)
  File "C:\Python313\Lib\site-packages\pandas\io\html.py", line 915, in _parser_dispatch
    import_optional_dependency("html5lib")
    ~~~~~~~~~~~~~~~~~~~~~~~~~~^^^^^^^^^^^^
  File "C:\Python313\Lib\site-packages\pandas\compat\_optional.py", line 138, in import_optional_dependency
    raise ImportError(msg)
ImportError: Missing optional dependency 'html5lib'.  Use pip or conda to install html5lib.
2026-01-20 09:01:11,381 | ERROR | infos | Erro crítico ao executar /execute
Traceback (most recent call last):
  File "C:\Python313\Lib\site-packages\pandas\compat\_optional.py", line 135, in import_optional_dependency
    module = importlib.import_module(name)
  File "C:\Python313\Lib\importlib\__init__.py", line 88, in import_module
    return _bootstrap._gcd_import(name[level:], package, level)
           ~~~~~~~~~~~~~~~~~~~~~~^^^^^^^^^^^^^^^^^^^^^^^^^^^^^^
  File "<frozen importlib._bootstrap>", line 1387, in _gcd_import
  File "<frozen importlib._bootstrap>", line 1360, in _find_and_load
  File "<frozen importlib._bootstrap>", line 1324, in _find_and_load_unlocked
ModuleNotFoundError: No module named 'html5lib'

During handling of the above exception, another exception occurred:

Traceback (most recent call last):
  File "C:\Users\fernando.m\Projetos\Projeto-Lev\Backend\app\app.py", line 45, in execute
    resultado = bancos[nome_banco](arquivo)
  File "C:\Users\fernando.m\Projetos\Projeto-Lev\Backend\app\models\crefisa.py", line 7, in crefisa
    df = pd.read_html(df, header=0)[0]
         ~~~~~~~~~~~~^^^^^^^^^^^^^^
  File "C:\Python313\Lib\site-packages\pandas\io\html.py", line 1240, in read_html
    return _parse(
        flavor=flavor,
    ...<16 lines>...
        storage_options=storage_options,
    )
  File "C:\Python313\Lib\site-packages\pandas\io\html.py", line 971, in _parse
    parser = _parser_dispatch(flav)
  File "C:\Python313\Lib\site-packages\pandas\io\html.py", line 915, in _parser_dispatch
    import_optional_dependency("html5lib")
    ~~~~~~~~~~~~~~~~~~~~~~~~~~^^^^^^^^^^^^
  File "C:\Python313\Lib\site-packages\pandas\compat\_optional.py", line 138, in import_optional_dependency
    raise ImportError(msg)
ImportError: Missing optional dependency 'html5lib'.  Use pip or conda to install html5lib.
2026-01-20 09:13:23,952 | ERROR | bancos | Erro proposta 115597891: Expecting value: line 1 column 1 (char 0)
2026-01-20 09:13:24,672 | ERROR | bancos | Erro proposta 115641944: Expecting value: line 1 column 1 (char 0)
2026-01-20 09:13:25,983 | ERROR | bancos | Erro proposta 115681622: Expecting value: line 1 column 1 (char 0)
2026-01-20 09:13:28,069 | ERROR | bancos | Erro proposta 116011306: Expecting value: line 1 column 1 (char 0)
2026-01-20 09:13:28,726 | ERROR | bancos | Erro proposta 116011900: Expecting value: line 1 column 1 (char 0)
2026-01-20 09:13:41,607 | ERROR | bancos | Erro proposta 116129983: Expecting value: line 1 column 1 (char 0)
2026-01-20 09:13:42,987 | ERROR | bancos | Erro proposta 116131780: Expecting value: line 1 column 1 (char 0)
2026-01-20 09:13:45,040 | ERROR | bancos | Erro proposta 116098093: Expecting value: line 1 column 1 (char 0)
2026-01-20 09:13:46,669 | ERROR | bancos | Erro proposta 116131977: Expecting value: line 1 column 1 (char 0)
2026-01-20 09:13:57,647 | ERROR | bancos | Erro proposta 116138798: Expecting value: line 1 column 1 (char 0)
2026-01-20 09:14:14,309 | ERROR | bancos | Erro proposta 116142686: Expecting value: line 1 column 1 (char 0)
2026-01-20 09:15:06,278 | ERROR | bancos | Erro proposta 116025145: Expecting value: line 1 column 1 (char 0)
2026-01-20 09:15:14,382 | ERROR | bancos | Erro proposta 116173989: Expecting value: line 1 column 1 (char 0)
2026-01-20 09:15:41,415 | ERROR | bancos | Erro proposta 116205943: Expecting value: line 1 column 1 (char 0)
2026-01-21 11:29:18,240 | ERROR | infos | Recebemos um retorno inesperado da funcao: ErroColunas
2026-01-21 11:30:28,923 | ERROR | bancos | Erro ao editar Totalcash
Traceback (most recent call last):
  File "C:\Python313\Lib\site-packages\pandas\core\indexes\base.py", line 3812, in get_loc
    return self._engine.get_loc(casted_key)
           ~~~~~~~~~~~~~~~~~~~~^^^^^^^^^^^^
  File "pandas/_libs/index.pyx", line 167, in pandas._libs.index.IndexEngine.get_loc
  File "pandas/_libs/index.pyx", line 196, in pandas._libs.index.IndexEngine.get_loc
  File "pandas/_libs/hashtable_class_helper.pxi", line 7088, in pandas._libs.hashtable.PyObjectHashTable.get_item
  File "pandas/_libs/hashtable_class_helper.pxi", line 7096, in pandas._libs.hashtable.PyObjectHashTable.get_item
KeyError: 'VAL'

The above exception was the direct cause of the following exception:

Traceback (most recent call last):
  File "C:\Users\fernando.m\Projetos\Projeto-Lev\Backend\app\models\totalcash.py", line 88, in run
    df_novo["PCL_COMISSAO"] = df_novo["VAL_COMISSAO"] / df_novo["VAL"]
                                                        ~~~~~~~^^^^^^^
  File "C:\Python313\Lib\site-packages\pandas\core\frame.py", line 4107, in __getitem__
    indexer = self.columns.get_loc(key)
  File "C:\Python313\Lib\site-packages\pandas\core\indexes\base.py", line 3819, in get_loc
    raise KeyError(key) from err
KeyError: 'VAL'
2026-01-21 11:30:28,942 | ERROR | bancos | Erro ao editar Totalcash
2026-01-21 11:30:28,943 | ERROR | infos | Recebemos um retorno inesperado da funcao: Erro ao editar Totalcash
2026-01-21 11:45:27,925 | ERROR | bancos | Erro ao editar Totalcash
Traceback (most recent call last):
  File "C:\Python313\Lib\site-packages\pandas\core\indexes\base.py", line 3812, in get_loc
    return self._engine.get_loc(casted_key)
           ~~~~~~~~~~~~~~~~~~~~^^^^^^^^^^^^
  File "pandas/_libs/index.pyx", line 167, in pandas._libs.index.IndexEngine.get_loc
  File "pandas/_libs/index.pyx", line 196, in pandas._libs.index.IndexEngine.get_loc
  File "pandas/_libs/hashtable_class_helper.pxi", line 7088, in pandas._libs.hashtable.PyObjectHashTable.get_item
  File "pandas/_libs/hashtable_class_helper.pxi", line 7096, in pandas._libs.hashtable.PyObjectHashTable.get_item
KeyError: 'VAL'

The above exception was the direct cause of the following exception:

Traceback (most recent call last):
  File "C:\Users\fernando.m\Projetos\Projeto-Lev\Backend\app\models\totalcash.py", line 88, in run
    df_novo["PCL_COMISSAO"] = df_novo["VAL_COMISSAO"] / df_novo["VAL"]
                                                        ~~~~~~~^^^^^^^
  File "C:\Python313\Lib\site-packages\pandas\core\frame.py", line 4107, in __getitem__
    indexer = self.columns.get_loc(key)
  File "C:\Python313\Lib\site-packages\pandas\core\indexes\base.py", line 3819, in get_loc
    raise KeyError(key) from err
KeyError: 'VAL'
2026-01-21 11:45:27,932 | ERROR | bancos | Erro ao editar Totalcash
2026-01-21 11:45:27,933 | ERROR | infos | Recebemos um retorno inesperado da funcao: Erro ao editar Totalcash
2026-01-23 15:17:18,914 | ERROR | infos | Recebemos um retorno inesperado da funcao: ErroColunas
