2026-01-20 08:56:24,391 | INFO | infos | Iniciando o sistema de envio do arquivo para edicao
2026-01-20 08:56:24,394 | INFO | infos | Arquivo: <FileStorage: 'COMISSÃO JANEIRO 16.01.xlsx' ('application/vnd.openxmlformats-officedocument.spreadsheetml.sheet')> do banco bv enviado para tratamento
2026-01-20 08:56:24,633 | INFO | infos | Recebemos um retorno valido e OK da funcao
2026-01-20 08:56:24,656 | INFO | infos | Arquivo convertido em excel e enviado para download
2026-01-20 08:56:24,657 | INFO | infos | Finalizando o sistema de envio de arquivo para edicao e download
2026-01-20 08:57:51,211 | INFO | infos | Iniciando o sistema de envio do arquivo para edicao
2026-01-20 08:57:51,216 | INFO | infos | Arquivo: <FileStorage: 'Fechamento_JNS_-_Dezembro_25.xlsx' ('application/vnd.openxmlformats-officedocument.spreadsheetml.sheet')> do banco crefisa enviado para tratamento
2026-01-20 08:57:51,234 | ERROR | infos | Erro crítico ao executar /execute
Traceback (most recent call last):
  File "C:\Python313\Lib\site-packages\pandas\compat\_optional.py", line 135, in import_optional_dependency
    module = importlib.import_module(name)
  File "C:\Python313\Lib\importlib\__init__.py", line 88, in import_module
    return _bootstrap._gcd_import(name[level:], package, level)
           ~~~~~~~~~~~~~~~~~~~~~~^^^^^^^^^^^^^^^^^^^^^^^^^^^^^^
  File "<frozen importlib._bootstrap>", line 1387, in _gcd_import
  File "<frozen importlib._bootstrap>", line 1360, in _find_and_load
  File "<frozen importlib._bootstrap>", line 1324, in _find_and_load_unlocked
ModuleNotFoundError: No module named 'html5lib'

During handling of the above exception, another exception occurred:

Traceback (most recent call last):
  File "C:\Users\fernando.m\Projetos\Projeto-Lev\Backend\app\app.py", line 45, in execute
    resultado = bancos[nome_banco](arquivo)
  File "C:\Users\fernando.m\Projetos\Projeto-Lev\Backend\app\models\crefisa.py", line 7, in crefisa
    df = pd.read_html(df, header=0)[0]
         ~~~~~~~~~~~~^^^^^^^^^^^^^^
  File "C:\Python313\Lib\site-packages\pandas\io\html.py", line 1240, in read_html
    return _parse(
        flavor=flavor,
    ...<16 lines>...
        storage_options=storage_options,
    )
  File "C:\Python313\Lib\site-packages\pandas\io\html.py", line 971, in _parse
    parser = _parser_dispatch(flav)
  File "C:\Python313\Lib\site-packages\pandas\io\html.py", line 915, in _parser_dispatch
    import_optional_dependency("html5lib")
    ~~~~~~~~~~~~~~~~~~~~~~~~~~^^^^^^^^^^^^
  File "C:\Python313\Lib\site-packages\pandas\compat\_optional.py", line 138, in import_optional_dependency
    raise ImportError(msg)
ImportError: Missing optional dependency 'html5lib'.  Use pip or conda to install html5lib.
2026-01-20 08:57:51,249 | INFO | infos | Finalizando o sistema de envio de arquivo para edicao e download
2026-01-20 08:58:15,721 | INFO | infos | Iniciando o sistema de envio do arquivo para edicao
2026-01-20 08:58:15,734 | INFO | infos | Arquivo: <FileStorage: 'fechamento JN-CP-23.12.xls' ('application/vnd.ms-excel')> do banco crefisa enviado para tratamento
2026-01-20 08:58:15,842 | INFO | infos | Recebemos um retorno valido e OK da funcao
2026-01-20 08:58:16,000 | INFO | infos | Arquivo convertido em excel e enviado para download
2026-01-20 08:58:16,000 | INFO | infos | Finalizando o sistema de envio de arquivo para edicao e download
2026-01-20 09:00:56,056 | INFO | infos | Iniciando o sistema de envio do arquivo para edicao
2026-01-20 09:00:56,075 | INFO | infos | Arquivo: <FileStorage: 'adiantamento WL-CP-23.12.xls' ('application/vnd.ms-excel')> do banco crefisa enviado para tratamento
2026-01-20 09:00:56,389 | INFO | infos | Recebemos um retorno valido e OK da funcao
2026-01-20 09:00:56,891 | INFO | infos | Arquivo convertido em excel e enviado para download
2026-01-20 09:00:56,891 | INFO | infos | Finalizando o sistema de envio de arquivo para edicao e download
2026-01-20 09:01:01,514 | INFO | infos | Iniciando o sistema de envio do arquivo para edicao
2026-01-20 09:01:01,521 | INFO | infos | Arquivo: <FileStorage: 'fechamento WL-CP-23.12.xls' ('application/vnd.ms-excel')> do banco crefisa enviado para tratamento
2026-01-20 09:01:01,568 | INFO | infos | Recebemos um retorno valido e OK da funcao
2026-01-20 09:01:01,643 | INFO | infos | Arquivo convertido em excel e enviado para download
2026-01-20 09:01:01,644 | INFO | infos | Finalizando o sistema de envio de arquivo para edicao e download
2026-01-20 09:01:11,373 | INFO | infos | Iniciando o sistema de envio do arquivo para edicao
2026-01-20 09:01:11,379 | INFO | infos | Arquivo: <FileStorage: 'Fechamento_JNS_-_Dezembro_25.xlsx' ('application/vnd.openxmlformats-officedocument.spreadsheetml.sheet')> do banco crefisa enviado para tratamento
2026-01-20 09:01:11,381 | ERROR | infos | Erro crítico ao executar /execute
Traceback (most recent call last):
  File "C:\Python313\Lib\site-packages\pandas\compat\_optional.py", line 135, in import_optional_dependency
    module = importlib.import_module(name)
  File "C:\Python313\Lib\importlib\__init__.py", line 88, in import_module
    return _bootstrap._gcd_import(name[level:], package, level)
           ~~~~~~~~~~~~~~~~~~~~~~^^^^^^^^^^^^^^^^^^^^^^^^^^^^^^
  File "<frozen importlib._bootstrap>", line 1387, in _gcd_import
  File "<frozen importlib._bootstrap>", line 1360, in _find_and_load
  File "<frozen importlib._bootstrap>", line 1324, in _find_and_load_unlocked
ModuleNotFoundError: No module named 'html5lib'

During handling of the above exception, another exception occurred:

Traceback (most recent call last):
  File "C:\Users\fernando.m\Projetos\Projeto-Lev\Backend\app\app.py", line 45, in execute
    resultado = bancos[nome_banco](arquivo)
  File "C:\Users\fernando.m\Projetos\Projeto-Lev\Backend\app\models\crefisa.py", line 7, in crefisa
    df = pd.read_html(df, header=0)[0]
         ~~~~~~~~~~~~^^^^^^^^^^^^^^
  File "C:\Python313\Lib\site-packages\pandas\io\html.py", line 1240, in read_html
    return _parse(
        flavor=flavor,
    ...<16 lines>...
        storage_options=storage_options,
    )
  File "C:\Python313\Lib\site-packages\pandas\io\html.py", line 971, in _parse
    parser = _parser_dispatch(flav)
  File "C:\Python313\Lib\site-packages\pandas\io\html.py", line 915, in _parser_dispatch
    import_optional_dependency("html5lib")
    ~~~~~~~~~~~~~~~~~~~~~~~~~~^^^^^^^^^^^^
  File "C:\Python313\Lib\site-packages\pandas\compat\_optional.py", line 138, in import_optional_dependency
    raise ImportError(msg)
ImportError: Missing optional dependency 'html5lib'.  Use pip or conda to install html5lib.
2026-01-20 09:01:11,384 | INFO | infos | Finalizando o sistema de envio de arquivo para edicao e download
2026-01-20 09:13:13,023 | INFO | infos | Iniciando o sistema de envio do arquivo para edicao
2026-01-20 09:13:13,024 | WARNING | infos | Nao foi recebido nenhum arquivo
2026-01-20 09:13:13,024 | INFO | infos | Finalizando o sistema de envio de arquivo para edicao e download
2026-01-20 09:13:22,204 | INFO | infos | Iniciando o sistema de envio do arquivo para edicao
2026-01-20 09:13:22,220 | INFO | infos | Arquivo: <FileStorage: 'Relatorio Conta Corrente WL 30.12 a 31.12.xlsx' ('application/vnd.openxmlformats-officedocument.spreadsheetml.sheet')> do banco facta enviado para tratamento
2026-01-20 09:15:52,416 | INFO | infos | Recebemos um retorno valido e OK da funcao
2026-01-20 09:15:52,645 | INFO | infos | Arquivo convertido em excel e enviado para download
2026-01-20 09:15:52,646 | INFO | infos | Finalizando o sistema de envio de arquivo para edicao e download
2026-01-20 10:19:12,210 | INFO | infos | Iniciando o sistema de envio do arquivo para edicao
2026-01-20 10:19:12,212 | INFO | infos | Arquivo: <FileStorage: 'Comissao_Detalhamento 02.01 a 06.01.xls' ('application/vnd.ms-excel')> do banco jbcred enviado para tratamento
2026-01-20 10:19:12,241 | INFO | infos | Recebemos um retorno valido e OK da funcao
2026-01-20 10:19:12,463 | INFO | infos | Arquivo convertido em excel e enviado para download
2026-01-20 10:19:12,464 | INFO | infos | Finalizando o sistema de envio de arquivo para edicao e download
